{
  "RSpec": {
    "coverage": {
      "/Users/Christian1/Desktop/blog_rails/config/environment.rb": [
        null,
        1,
        null,
        null,
        1
      ],
      "/Users/Christian1/Desktop/blog_rails/config/application.rb": [
        1,
        null,
        1,
        null,
        null,
        null,
        1,
        null,
        1,
        1,
        null,
        null,
        null,
        null,
        null,
        null,
        null,
        null,
        null,
        null,
        null,
        null,
        null,
        1,
        null,
        null
      ],
      "/Users/Christian1/Desktop/blog_rails/config/boot.rb": [
        1,
        null,
        1
      ],
      "/Users/Christian1/Desktop/blog_rails/config/environments/test.rb": [
        1,
        null,
        null,
        null,
        null,
        null,
        null,
        1,
        null,
        null,
        null,
        null,
        1,
        null,
        null,
        1,
        1,
        null,
        null,
        1,
        1,
        null,
        null,
        1,
        null,
        null,
        1,
        null,
        null,
        null,
        null,
        1,
        null,
        null,
        1,
        null,
        null,
        1,
        null,
        null,
        null,
        null
      ],
      "/Users/Christian1/Desktop/blog_rails/config/initializers/assets.rb": [
        null,
        null,
        null,
        1,
        null,
        null,
        null,
        null,
        null,
        null,
        null
      ],
      "/Users/Christian1/Desktop/blog_rails/config/initializers/avalara.rb": [
        1,
        null,
        1,
        null,
        1,
        1,
        1,
        1,
        1,
        1,
        null,
        null,
        null,
        0,
        null
      ],
      "/Users/Christian1/Desktop/blog_rails/config/initializers/backtrace_silencers.rb": [
        null,
        null,
        null,
        null,
        null,
        null,
        null
      ],
      "/Users/Christian1/Desktop/blog_rails/config/initializers/cookies_serializer.rb": [
        null,
        null,
        1
      ],
      "/Users/Christian1/Desktop/blog_rails/config/initializers/devise.rb": [
        null,
        null,
        1,
        null,
        null,
        null,
        null,
        null,
        null,
        null,
        null,
        null,
        null,
        null,
        1,
        null,
        null,
        null,
        null,
        null,
        null,
        null,
        null,
        1,
        null,
        null,
        null,
        null,
        null,
        null,
        null,
        null,
        null,
        null,
        null,
        null,
        null,
        null,
        null,
        null,
        null,
        null,
        null,
        null,
        null,
        1,
        null,
        null,
        null,
        null,
        1,
        null,
        null,
        null,
        null,
        null,
        null,
        null,
        null,
        null,
        null,
        null,
        null,
        null,
        null,
        null,
        null,
        null,
        null,
        null,
        null,
        null,
        null,
        null,
        null,
        null,
        null,
        null,
        null,
        null,
        null,
        1,
        null,
        null,
        null,
        null,
        null,
        null,
        null,
        null,
        null,
        null,
        null,
        null,
        null,
        null,
        null,
        null,
        1,
        null,
        null,
        null,
        null,
        null,
        null,
        null,
        null,
        null,
        null,
        null,
        null,
        null,
        null,
        null,
        null,
        null,
        null,
        null,
        null,
        null,
        null,
        null,
        null,
        1,
        null,
        null,
        null,
        null,
        null,
        null,
        null,
        null,
        null,
        1,
        null,
        null,
        null,
        null,
        null,
        null,
        null,
        null,
        null,
        null,
        1,
        null,
        null,
        null,
        null,
        null,
        null,
        null,
        null,
        null,
        null,
        null,
        null,
        null,
        null,
        null,
        null,
        null,
        null,
        null,
        null,
        null,
        null,
        null,
        null,
        null,
        null,
        null,
        null,
        null,
        null,
        null,
        null,
        null,
        null,
        null,
        null,
        null,
        null,
        null,
        null,
        null,
        null,
        null,
        null,
        null,
        1,
        null,
        null,
        null,
        null,
        null,
        null,
        null,
        null,
        null,
        null,
        null,
        null,
        null,
        null,
        null,
        null,
        null,
        null,
        null,
        null,
        null,
        null,
        null,
        null,
        null,
        null,
        null,
        null,
        null,
        null,
        null,
        null,
        null,
        null,
        null,
        null,
        null,
        null,
        null,
        null,
        null,
        1,
        null,
        null,
        null,
        null,
        null,
        null,
        null,
        null,
        null,
        null,
        null,
        null,
        null,
        null,
        null,
        null,
        null,
        null,
        null,
        null,
        null,
        null,
        null,
        null,
        null,
        null,
        null,
        null,
        null,
        null
      ],
      "/Users/Christian1/Desktop/blog_rails/config/initializers/filter_parameter_logging.rb": [
        null,
        null,
        null,
        1
      ],
      "/Users/Christian1/Desktop/blog_rails/config/initializers/inflections.rb": [
        null,
        null,
        null,
        null,
        null,
        null,
        null,
        null,
        null,
        null,
        null,
        null,
        null,
        null,
        null,
        null
      ],
      "/Users/Christian1/Desktop/blog_rails/config/initializers/mime_types.rb": [
        null,
        null,
        null,
        null
      ],
      "/Users/Christian1/Desktop/blog_rails/config/initializers/session_store.rb": [
        null,
        null,
        1
      ],
      "/Users/Christian1/Desktop/blog_rails/config/initializers/stripe.rb": [
        1,
        null,
        null,
        null,
        null,
        1
      ],
      "/Users/Christian1/Desktop/blog_rails/config/initializers/wrap_parameters.rb": [
        null,
        null,
        null,
        null,
        null,
        null,
        1,
        1,
        null,
        null,
        null,
        null,
        null,
        null
      ],
      "/Users/Christian1/Desktop/blog_rails/config/routes.rb": [
        1,
        1,
        1,
        1,
        1,
        null,
        1,
        1,
        1,
        null,
        1,
        null
      ],
      "/Users/Christian1/Desktop/blog_rails/app/models/user.rb": [
        1,
        null,
        null,
        1,
        null,
        1,
        null,
        null,
        null,
        null,
        1,
        1,
        1,
        null
      ],
      "/Users/Christian1/Desktop/blog_rails/app/helpers/application_helper.rb": [
        1,
        null
      ],
      "/Users/Christian1/Desktop/blog_rails/app/helpers/cart_helper.rb": [
        1,
        null
      ],
      "/Users/Christian1/Desktop/blog_rails/app/helpers/charges_helper.rb": [
        1,
        null
      ],
      "/Users/Christian1/Desktop/blog_rails/app/helpers/comment_helper.rb": [
        1,
        null
      ],
      "/Users/Christian1/Desktop/blog_rails/app/helpers/photo_helper.rb": [
        1,
        null
      ],
      "/Users/Christian1/Desktop/blog_rails/app/helpers/user_helper.rb": [
        1,
        null
      ],
      "/Users/Christian1/Desktop/blog_rails/spec/controllers/cart_controller_spec.rb": [
        1,
        null,
        1,
        null,
        null
      ],
      "/Users/Christian1/Desktop/blog_rails/spec/rails_helper.rb": [
        1,
        1,
        null,
        1,
        1,
        1,
        1,
        null,
        1,
        null,
        1,
        1,
        1,
        1,
        null,
        null,
        1,
        1,
        1,
        1,
        null,
        null
      ],
      "/Users/Christian1/Desktop/blog_rails/app/controllers/cart_controller.rb": [
        1,
        1,
        0,
        0,
        0,
        0,
        0,
        null,
        null,
        null,
        1,
        0,
        0,
        0,
        null,
        null,
        1,
        1,
        0,
        null,
        null,
        null
      ],
      "/Users/Christian1/Desktop/blog_rails/app/controllers/application_controller.rb": [
        1,
        null,
        null,
        1,
        1,
        null,
        1,
        1,
        0,
        0,
        0,
        null,
        null
      ],
      "/Users/Christian1/Desktop/blog_rails/spec/controllers/charges_controller_spec.rb": [
        1,
        null,
        1,
        null,
        null
      ],
      "/Users/Christian1/Desktop/blog_rails/app/controllers/charges_controller.rb": [
        1,
        1,
        0,
        0,
        null,
        null,
        1,
        null,
        0,
        0,
        null,
        0,
        null,
        null,
        null,
        null,
        0,
        null,
        null,
        null,
        null,
        null,
        null,
        null,
        0,
        0,
        null,
        null
      ],
      "/Users/Christian1/Desktop/blog_rails/spec/controllers/comment_controller_spec.rb": [
        1,
        null,
        1,
        null,
        null
      ],
      "/Users/Christian1/Desktop/blog_rails/app/controllers/comment_controller.rb": [
        1,
        null,
        1,
        0,
        null,
        null,
        1,
        0,
        0,
        0,
        0,
        null,
        null,
        1,
        0,
        0,
        0,
        null,
        null,
        1,
        0,
        0,
        0,
        0,
        null,
        null,
        null,
        1,
        1,
        0,
        null,
        null
      ],
      "/Users/Christian1/Desktop/blog_rails/spec/controllers/photos_controller_spec.rb": [
        1,
        null,
        1,
        null,
        null
      ],
      "/Users/Christian1/Desktop/blog_rails/app/controllers/photos_controller.rb": [
        1,
        1,
        0,
        0,
        null,
        null,
        1,
        0,
        0,
        0,
        null,
        null,
        1,
        0,
        null,
        null
      ],
      "/Users/Christian1/Desktop/blog_rails/spec/controllers/user_controller_spec.rb": [
        1,
        null,
        1,
        null,
        null
      ],
      "/Users/Christian1/Desktop/blog_rails/app/controllers/user_controller.rb": [
        1,
        null,
        null,
        null,
        null,
        1,
        1,
        0,
        null,
        null
      ],
      "/Users/Christian1/Desktop/blog_rails/spec/helpers/cart_helper_spec.rb": [
        null,
        null,
        null,
        null,
        null,
        null,
        null,
        null,
        null,
        null,
        null,
        null,
        null,
        null,
        null
      ],
      "/Users/Christian1/Desktop/blog_rails/spec/helpers/charges_helper_spec.rb": [
        null,
        null,
        null,
        null,
        null,
        null,
        null,
        null,
        null,
        null,
        null,
        null,
        null,
        null,
        null
      ],
      "/Users/Christian1/Desktop/blog_rails/spec/helpers/comment_helper_spec.rb": [
        null,
        null,
        null,
        null,
        null,
        null,
        null,
        null,
        null,
        null,
        null,
        null,
        null,
        null,
        null
      ],
      "/Users/Christian1/Desktop/blog_rails/spec/helpers/photo_helper_spec.rb": [
        null,
        null,
        null,
        null,
        null,
        null,
        null,
        null,
        null,
        null,
        null,
        null,
        null,
        null,
        null
      ],
      "/Users/Christian1/Desktop/blog_rails/spec/helpers/user_helper_spec.rb": [
        null,
        null,
        null,
        null,
        null,
        null,
        null,
        null,
        null,
        null,
        null,
        null,
        null,
        null,
        null
      ],
      "/Users/Christian1/Desktop/blog_rails/spec/models/cart_spec.rb": [
        1,
        null,
        1,
        null,
        2,
        2,
        null
      ],
      "/Users/Christian1/Desktop/blog_rails/app/models/cart.rb": [
        1,
        1,
        1,
        null,
        1,
        1,
        null,
        1,
        0,
        0,
        0,
        null,
        0,
        null,
        null,
        1,
        0,
        0,
        0,
        null,
        null,
        null
      ],
      "/Users/Christian1/Desktop/blog_rails/spec/models/comment_spec.rb": [
        1,
        null,
        1,
        2,
        null,
        2,
        2,
        null
      ],
      "/Users/Christian1/Desktop/blog_rails/app/models/comment.rb": [
        1,
        1,
        null,
        1,
        1,
        null
      ],
      "/Users/Christian1/Desktop/blog_rails/spec/models/photo_spec.rb": [
        1,
        null,
        1,
        2,
        null
      ],
      "/Users/Christian1/Desktop/blog_rails/app/models/photo.rb": [
        1,
        1,
        1,
        null,
        1,
        null
      ],
      "/Users/Christian1/Desktop/blog_rails/spec/models/post_spec.rb": [
        1,
        null,
        1,
        2,
        2,
        null,
        2,
        2,
        2,
        2,
        null
      ],
      "/Users/Christian1/Desktop/blog_rails/app/models/post.rb": [
        1,
        1,
        1,
        null,
        1,
        1,
        null,
        1,
        1,
        1,
        1,
        1,
        null,
        null
      ],
      "/Users/Christian1/Desktop/blog_rails/spec/models/tag_spec.rb": [
        1,
        null,
        1,
        2,
        2,
        null
      ],
      "/Users/Christian1/Desktop/blog_rails/app/models/tag.rb": [
        1,
        1,
        null,
        1,
        null
      ],
      "/Users/Christian1/Desktop/blog_rails/spec/models/user_spec.rb": [
        1,
        null,
        1,
        2,
        null,
        2,
        null
      ]
    },
    "timestamp": 1447184413
  }
}
